<?xml version="1.0" encoding="UTF-8"?>
<testng-results ignored="0" total="1" passed="1" failed="0" skipped="0">
  <reporter-output>
  </reporter-output>
  <suite started-at="2023-11-29T20:04:04 IST" name="Default suite" finished-at="2023-11-29T20:04:37 IST" duration-ms="33172">
    <groups>
    </groups>
    <test started-at="2023-11-29T20:04:04 IST" name="Default test" finished-at="2023-11-29T20:04:37 IST" duration-ms="33172">
      <class name="testpkg.Demo">
        <test-method is-config="true" signature="setup()[pri:0, instance:testpkg.Demo@3f6f6701]" started-at="2023-11-29T20:04:04 IST" name="setup" finished-at="2023-11-29T20:04:15 IST" duration-ms="10899" status="PASS">
          <reporter-output>
          </reporter-output>
        </test-method> <!-- setup -->
        <test-method signature="test()[pri:0, instance:testpkg.Demo@3f6f6701]" started-at="2023-11-29T20:04:15 IST" name="test" finished-at="2023-11-29T20:04:37 IST" duration-ms="22219" status="PASS">
          <reporter-output>
          </reporter-output>
        </test-method> <!-- test -->
      </class> <!-- testpkg.Demo -->
    </test> <!-- Default test -->
  </suite> <!-- Default suite -->
</testng-results>
